[INFO] Scanning for projects...
[INFO] 
[INFO] -----------------------< dk.tommer:workday-side >-----------------------
[INFO] Building tommer 0.0.1-SNAPSHOT
[INFO]   from pom.xml
[INFO] --------------------------------[ jar ]---------------------------------
[INFO] 
[INFO] >>> spring-boot:3.2.5:run (default-cli) > test-compile @ workday-side >>>
[INFO] 
[INFO] --- resources:3.3.1:resources (default-resources) @ workday-side ---
[INFO] Copying 1 resource from src/main/resources to target/classes
[INFO] Copying 26 resources from src/main/resources to target/classes
[INFO] 
[INFO] --- compiler:3.11.0:compile (default-compile) @ workday-side ---
[INFO] Nothing to compile - all classes are up to date
[INFO] 
[INFO] --- resources:3.3.1:testResources (default-testResources) @ workday-side ---
[INFO] Copying 1 resource from src/test/resources to target/test-classes
[INFO] 
[INFO] --- compiler:3.11.0:testCompile (default-testCompile) @ workday-side ---
[INFO] Nothing to compile - all classes are up to date
[INFO] 
[INFO] <<< spring-boot:3.2.5:run (default-cli) < test-compile @ workday-side <<<
[INFO] 
[INFO] 
[INFO] --- spring-boot:3.2.5:run (default-cli) @ workday-side ---
[INFO] Attaching agents: []
Standard Commons Logging discovery in action with spring-jcl: please remove commons-logging.jar from classpath in order to avoid potential conflicts

  .   ____          _            __ _ _
 /\\ / ___'_ __ _ _(_)_ __  __ _ \ \ \ \
( ( )\___ | '_ | '_| | '_ \/ _` | \ \ \ \
 \\/  ___)| |_)| | | | | || (_| |  ) ) ) )
  '  |____| .__|_| |_|_| |_\__, | / / / /
 =========|_|==============|___/=/_/_/_/
 :: Spring Boot ::                (v3.2.5)

2026-01-24T01:00:01.156+01:00  INFO 47159 --- [           main] dk.tommer.workday.TommerApplication      : Starting TommerApplication using Java 21.0.8 with PID 47159 (/Users/mohamedosman/tommer/workday-webside-1/target/classes started by mohamedosman in /Users/mohamedosman/tommer/workday-webside-1)
2026-01-24T01:00:01.157+01:00  INFO 47159 --- [           main] dk.tommer.workday.TommerApplication      : No active profile set, falling back to 1 default profile: "default"
2026-01-24T01:00:01.673+01:00  INFO 47159 --- [           main] .s.d.r.c.RepositoryConfigurationDelegate : Bootstrapping Spring Data JPA repositories in DEFAULT mode.
2026-01-24T01:00:01.705+01:00  INFO 47159 --- [           main] .s.d.r.c.RepositoryConfigurationDelegate : Finished Spring Data repository scanning in 28 ms. Found 7 JPA repository interfaces.
2026-01-24T01:00:02.130+01:00  INFO 47159 --- [           main] o.s.b.w.embedded.tomcat.TomcatWebServer  : Tomcat initialized with port 8080 (http)
2026-01-24T01:00:02.144+01:00  INFO 47159 --- [           main] o.apache.catalina.core.StandardService   : Starting service [Tomcat]
2026-01-24T01:00:02.144+01:00  INFO 47159 --- [           main] o.apache.catalina.core.StandardEngine    : Starting Servlet engine: [Apache Tomcat/10.1.20]
2026-01-24T01:00:02.187+01:00  INFO 47159 --- [           main] o.a.c.c.C.[Tomcat].[localhost].[/]       : Initializing Spring embedded WebApplicationContext
2026-01-24T01:00:02.188+01:00  INFO 47159 --- [           main] w.s.c.ServletWebServerApplicationContext : Root WebApplicationContext: initialization completed in 1006 ms
Standard Commons Logging discovery in action with spring-jcl: please remove commons-logging.jar from classpath in order to avoid potential conflicts
2026-01-24T01:00:02.275+01:00  INFO 47159 --- [           main] com.zaxxer.hikari.HikariDataSource       : HikariPool-1 - Starting...
2026-01-24T01:00:02.456+01:00  INFO 47159 --- [           main] com.zaxxer.hikari.pool.HikariPool        : HikariPool-1 - Added connection conn0: url=jdbc:h2:mem:workday user=SA
2026-01-24T01:00:02.458+01:00  INFO 47159 --- [           main] com.zaxxer.hikari.HikariDataSource       : HikariPool-1 - Start completed.
2026-01-24T01:00:02.553+01:00  INFO 47159 --- [           main] o.hibernate.jpa.internal.util.LogHelper  : HHH000204: Processing PersistenceUnitInfo [name: default]
2026-01-24T01:00:02.583+01:00  INFO 47159 --- [           main] org.hibernate.Version                    : HHH000412: Hibernate ORM core version 6.4.4.Final
2026-01-24T01:00:02.600+01:00  INFO 47159 --- [           main] o.h.c.internal.RegionFactoryInitiator    : HHH000026: Second-level cache disabled
2026-01-24T01:00:02.718+01:00  INFO 47159 --- [           main] o.s.o.j.p.SpringPersistenceUnitInfo      : No LoadTimeWeaver setup: ignoring JPA class transformer
2026-01-24T01:00:02.740+01:00  WARN 47159 --- [           main] org.hibernate.orm.deprecation            : HHH90000025: H2Dialect does not need to be specified explicitly using 'hibernate.dialect' (remove the property setting and it will be selected by default)
2026-01-24T01:00:03.265+01:00  INFO 47159 --- [           main] o.h.e.t.j.p.i.JtaPlatformInitiator       : HHH000489: No JTA platform available (set 'hibernate.transaction.jta.platform' to enable JTA platform integration)
2026-01-24T01:00:03.292+01:00  INFO 47159 --- [           main] j.LocalContainerEntityManagerFactoryBean : Initialized JPA EntityManagerFactory for persistence unit 'default'
2026-01-24T01:00:03.540+01:00  INFO 47159 --- [           main] o.s.d.j.r.query.QueryEnhancerFactory     : Hibernate is in classpath; If applicable, HQL parser will be used.
2026-01-24T01:00:03.912+01:00  WARN 47159 --- [           main] JpaBaseConfiguration$JpaWebConfiguration : spring.jpa.open-in-view is enabled by default. Therefore, database queries may be performed during view rendering. Explicitly configure spring.jpa.open-in-view to disable this warning
2026-01-24T01:00:04.167+01:00  INFO 47159 --- [           main] o.s.s.web.DefaultSecurityFilterChain     : Will secure any request with [org.springframework.security.web.session.DisableEncodeUrlFilter@196519dd, org.springframework.security.web.context.request.async.WebAsyncManagerIntegrationFilter@f341e3c, org.springframework.security.web.context.SecurityContextHolderFilter@13cfa1ec, org.springframework.security.web.header.HeaderWriterFilter@6ab56a77, org.springframework.web.filter.CorsFilter@7c8ecc27, org.springframework.security.web.csrf.CsrfFilter@48446968, org.springframework.security.web.authentication.logout.LogoutFilter@7bb50de0, org.springframework.security.web.authentication.UsernamePasswordAuthenticationFilter@37905236, org.springframework.security.web.savedrequest.RequestCacheAwareFilter@2227c82d, org.springframework.security.web.servletapi.SecurityContextHolderAwareRequestFilter@1b9075c9, org.springframework.security.web.authentication.AnonymousAuthenticationFilter@5f8089d2, org.springframework.security.web.access.ExceptionTranslationFilter@495c3d15, org.springframework.security.web.access.intercept.AuthorizationFilter@158774d3]
2026-01-24T01:00:04.373+01:00  WARN 47159 --- [           main] ConfigServletWebServerApplicationContext : Exception encountered during context initialization - cancelling refresh attempt: org.springframework.context.ApplicationContextException: Failed to start bean 'webServerStartStop'
2026-01-24T01:00:04.375+01:00  INFO 47159 --- [           main] j.LocalContainerEntityManagerFactoryBean : Closing JPA EntityManagerFactory for persistence unit 'default'
2026-01-24T01:00:04.376+01:00  INFO 47159 --- [           main] com.zaxxer.hikari.HikariDataSource       : HikariPool-1 - Shutdown initiated...
2026-01-24T01:00:04.377+01:00  INFO 47159 --- [           main] com.zaxxer.hikari.HikariDataSource       : HikariPool-1 - Shutdown completed.
2026-01-24T01:00:04.385+01:00  INFO 47159 --- [           main] .s.b.a.l.ConditionEvaluationReportLogger : 

Error starting ApplicationContext. To display the condition evaluation report re-run your application with 'debug' enabled.
2026-01-24T01:00:04.394+01:00 ERROR 47159 --- [           main] o.s.b.d.LoggingFailureAnalysisReporter   : 

***************************
APPLICATION FAILED TO START
***************************

Description:

Web server failed to start. Port 8080 was already in use.

Action:

Identify and stop the process that's listening on port 8080 or configure this application to listen on another port.

[INFO] ------------------------------------------------------------------------
[INFO] BUILD FAILURE
[INFO] ------------------------------------------------------------------------
[INFO] Total time:  4.794 s
[INFO] Finished at: 2026-01-24T01:00:04+01:00
[INFO] ------------------------------------------------------------------------
[ERROR] Failed to execute goal org.springframework.boot:spring-boot-maven-plugin:3.2.5:run (default-cli) on project workday-side: Process terminated with exit code: 1 -> [Help 1]
[ERROR] 
[ERROR] To see the full stack trace of the errors, re-run Maven with the -e switch.
[ERROR] Re-run Maven using the -X switch to enable full debug logging.
[ERROR] 
[ERROR] For more information about the errors and possible solutions, please read the following articles:
[ERROR] [Help 1] http://cwiki.apache.org/confluence/display/MAVEN/MojoExecutionException
