[INFO] Scanning for projects...
[INFO] 
[INFO] -----------------------< dk.tommer:workday-side >-----------------------
[INFO] Building tommer 0.0.1-SNAPSHOT
[INFO]   from pom.xml
[INFO] --------------------------------[ jar ]---------------------------------
[INFO] 
[INFO] >>> spring-boot:3.2.5:run (default-cli) > test-compile @ workday-side >>>
[INFO] 
[INFO] --- resources:3.3.1:resources (default-resources) @ workday-side ---
[INFO] Copying 1 resource from src/main/resources to target/classes
[INFO] Copying 27 resources from src/main/resources to target/classes
[INFO] 
[INFO] --- compiler:3.11.0:compile (default-compile) @ workday-side ---
[INFO] Nothing to compile - all classes are up to date
[INFO] 
[INFO] --- resources:3.3.1:testResources (default-testResources) @ workday-side ---
[INFO] Copying 1 resource from src/test/resources to target/test-classes
[INFO] 
[INFO] --- compiler:3.11.0:testCompile (default-testCompile) @ workday-side ---
[INFO] Nothing to compile - all classes are up to date
[INFO] 
[INFO] <<< spring-boot:3.2.5:run (default-cli) < test-compile @ workday-side <<<
[INFO] 
[INFO] 
[INFO] --- spring-boot:3.2.5:run (default-cli) @ workday-side ---
[INFO] Attaching agents: []
Standard Commons Logging discovery in action with spring-jcl: please remove commons-logging.jar from classpath in order to avoid potential conflicts

  .   ____          _            __ _ _
 /\\ / ___'_ __ _ _(_)_ __  __ _ \ \ \ \
( ( )\___ | '_ | '_| | '_ \/ _` | \ \ \ \
 \\/  ___)| |_)| | | | | || (_| |  ) ) ) )
  '  |____| .__|_| |_|_| |_\__, | / / / /
 =========|_|==============|___/=/_/_/_/
 :: Spring Boot ::                (v3.2.5)

2026-01-24T02:32:41.097+01:00  INFO 56135 --- [           main] dk.tommer.workday.TommerApplication      : Starting TommerApplication using Java 21.0.8 with PID 56135 (/Users/mohamedosman/tommer/workday-webside-1/target/classes started by mohamedosman in /Users/mohamedosman/tommer/workday-webside-1)
2026-01-24T02:32:41.099+01:00  INFO 56135 --- [           main] dk.tommer.workday.TommerApplication      : No active profile set, falling back to 1 default profile: "default"
2026-01-24T02:32:41.654+01:00  INFO 56135 --- [           main] .s.d.r.c.RepositoryConfigurationDelegate : Bootstrapping Spring Data JPA repositories in DEFAULT mode.
2026-01-24T02:32:41.689+01:00  INFO 56135 --- [           main] .s.d.r.c.RepositoryConfigurationDelegate : Finished Spring Data repository scanning in 31 ms. Found 7 JPA repository interfaces.
2026-01-24T02:32:42.029+01:00  INFO 56135 --- [           main] o.s.b.w.embedded.tomcat.TomcatWebServer  : Tomcat initialized with port 8080 (http)
2026-01-24T02:32:42.036+01:00  INFO 56135 --- [           main] o.apache.catalina.core.StandardService   : Starting service [Tomcat]
2026-01-24T02:32:42.036+01:00  INFO 56135 --- [           main] o.apache.catalina.core.StandardEngine    : Starting Servlet engine: [Apache Tomcat/10.1.20]
2026-01-24T02:32:42.067+01:00  INFO 56135 --- [           main] o.a.c.c.C.[Tomcat].[localhost].[/]       : Initializing Spring embedded WebApplicationContext
2026-01-24T02:32:42.067+01:00  INFO 56135 --- [           main] w.s.c.ServletWebServerApplicationContext : Root WebApplicationContext: initialization completed in 928 ms
Standard Commons Logging discovery in action with spring-jcl: please remove commons-logging.jar from classpath in order to avoid potential conflicts
2026-01-24T02:32:42.128+01:00  INFO 56135 --- [           main] com.zaxxer.hikari.HikariDataSource       : HikariPool-1 - Starting...
2026-01-24T02:32:42.304+01:00  INFO 56135 --- [           main] com.zaxxer.hikari.pool.HikariPool        : HikariPool-1 - Added connection conn0: url=jdbc:h2:mem:workday user=SA
2026-01-24T02:32:42.305+01:00  INFO 56135 --- [           main] com.zaxxer.hikari.HikariDataSource       : HikariPool-1 - Start completed.
2026-01-24T02:32:42.387+01:00  INFO 56135 --- [           main] o.hibernate.jpa.internal.util.LogHelper  : HHH000204: Processing PersistenceUnitInfo [name: default]
2026-01-24T02:32:42.418+01:00  INFO 56135 --- [           main] org.hibernate.Version                    : HHH000412: Hibernate ORM core version 6.4.4.Final
2026-01-24T02:32:42.434+01:00  INFO 56135 --- [           main] o.h.c.internal.RegionFactoryInitiator    : HHH000026: Second-level cache disabled
2026-01-24T02:32:42.541+01:00  INFO 56135 --- [           main] o.s.o.j.p.SpringPersistenceUnitInfo      : No LoadTimeWeaver setup: ignoring JPA class transformer
2026-01-24T02:32:42.565+01:00  WARN 56135 --- [           main] org.hibernate.orm.deprecation            : HHH90000025: H2Dialect does not need to be specified explicitly using 'hibernate.dialect' (remove the property setting and it will be selected by default)
2026-01-24T02:32:42.999+01:00  INFO 56135 --- [           main] o.h.e.t.j.p.i.JtaPlatformInitiator       : HHH000489: No JTA platform available (set 'hibernate.transaction.jta.platform' to enable JTA platform integration)
2026-01-24T02:32:43.021+01:00  INFO 56135 --- [           main] j.LocalContainerEntityManagerFactoryBean : Initialized JPA EntityManagerFactory for persistence unit 'default'
2026-01-24T02:32:43.238+01:00  INFO 56135 --- [           main] o.s.d.j.r.query.QueryEnhancerFactory     : Hibernate is in classpath; If applicable, HQL parser will be used.
2026-01-24T02:32:43.586+01:00  WARN 56135 --- [           main] JpaBaseConfiguration$JpaWebConfiguration : spring.jpa.open-in-view is enabled by default. Therefore, database queries may be performed during view rendering. Explicitly configure spring.jpa.open-in-view to disable this warning
2026-01-24T02:32:43.846+01:00  INFO 56135 --- [           main] o.s.s.web.DefaultSecurityFilterChain     : Will secure any request with [org.springframework.security.web.session.DisableEncodeUrlFilter@5034e0c6, org.springframework.security.web.context.request.async.WebAsyncManagerIntegrationFilter@b88d294, org.springframework.security.web.context.SecurityContextHolderFilter@523cc8b4, org.springframework.security.web.header.HeaderWriterFilter@496101d1, org.springframework.web.filter.CorsFilter@1cd50433, org.springframework.security.web.csrf.CsrfFilter@10014459, org.springframework.security.web.authentication.logout.LogoutFilter@f341e3c, org.springframework.security.web.authentication.UsernamePasswordAuthenticationFilter@312af870, org.springframework.security.web.savedrequest.RequestCacheAwareFilter@26db7540, org.springframework.security.web.servletapi.SecurityContextHolderAwareRequestFilter@4dcdc172, org.springframework.security.web.authentication.AnonymousAuthenticationFilter@71bbbb9f, org.springframework.security.web.access.ExceptionTranslationFilter@11a88d87, org.springframework.security.web.access.intercept.AuthorizationFilter@6999dca2]
2026-01-24T02:32:44.142+01:00  WARN 56135 --- [           main] ConfigServletWebServerApplicationContext : Exception encountered during context initialization - cancelling refresh attempt: org.springframework.context.ApplicationContextException: Failed to start bean 'webServerStartStop'
2026-01-24T02:32:44.146+01:00  INFO 56135 --- [           main] j.LocalContainerEntityManagerFactoryBean : Closing JPA EntityManagerFactory for persistence unit 'default'
2026-01-24T02:32:44.148+01:00  INFO 56135 --- [           main] com.zaxxer.hikari.HikariDataSource       : HikariPool-1 - Shutdown initiated...
2026-01-24T02:32:44.150+01:00  INFO 56135 --- [           main] com.zaxxer.hikari.HikariDataSource       : HikariPool-1 - Shutdown completed.
2026-01-24T02:32:44.162+01:00  INFO 56135 --- [           main] .s.b.a.l.ConditionEvaluationReportLogger : 

Error starting ApplicationContext. To display the condition evaluation report re-run your application with 'debug' enabled.
2026-01-24T02:32:44.174+01:00 ERROR 56135 --- [           main] o.s.b.d.LoggingFailureAnalysisReporter   : 

***************************
APPLICATION FAILED TO START
***************************

Description:

Web server failed to start. Port 8080 was already in use.

Action:

Identify and stop the process that's listening on port 8080 or configure this application to listen on another port.

[INFO] ------------------------------------------------------------------------
[INFO] BUILD FAILURE
[INFO] ------------------------------------------------------------------------
[INFO] Total time:  5.154 s
[INFO] Finished at: 2026-01-24T02:32:44+01:00
[INFO] ------------------------------------------------------------------------
[ERROR] Failed to execute goal org.springframework.boot:spring-boot-maven-plugin:3.2.5:run (default-cli) on project workday-side: Process terminated with exit code: 1 -> [Help 1]
[ERROR] 
[ERROR] To see the full stack trace of the errors, re-run Maven with the -e switch.
[ERROR] Re-run Maven using the -X switch to enable full debug logging.
[ERROR] 
[ERROR] For more information about the errors and possible solutions, please read the following articles:
[ERROR] [Help 1] http://cwiki.apache.org/confluence/display/MAVEN/MojoExecutionException
